The target system is: Generic - 1 - 
The host system is: Linux - 5.15.0-67-generic - x86_64
Compiling the C compiler identification source file "CMakeCCompilerId.c" succeeded.
Compiler: /home/pansy/arm-gnu/arm-gnu/bin/arm-none-eabi-gcc 
Build flags: 
Id flags: -c 

The output was:
0


Compilation of the C compiler identification source "CMakeCCompilerId.c" produced "CMakeCCompilerId.o"

The C compiler identification is GNU, found in "/media/windows/Users/16771/Desktop/Engineering_A_2023_C_Board (1)/cmake-build-debug-armgnu/CMakeFiles/3.25.2/CompilerIdC/CMakeCCompilerId.o"

Compiling the CXX compiler identification source file "CMakeCXXCompilerId.cpp" succeeded.
Compiler: /home/pansy/arm-gnu/arm-gnu/bin/arm-none-eabi-g++ 
Build flags: 
Id flags: -c 

The output was:
0


Compilation of the CXX compiler identification source "CMakeCXXCompilerId.cpp" produced "CMakeCXXCompilerId.o"

The CXX compiler identification is GNU, found in "/media/windows/Users/16771/Desktop/Engineering_A_2023_C_Board (1)/cmake-build-debug-armgnu/CMakeFiles/3.25.2/CompilerIdCXX/CMakeCXXCompilerId.o"

Checking whether the ASM compiler is GNU using "--version" matched "(GNU assembler)|(GCC)|(Free Software Foundation)":
arm-none-eabi-gcc (Arm GNU Toolchain 12.2.MPACBTI-Rel1 (Build arm-12-mpacbti.34)) 12.2.1 20230214
Copyright (C) 2022 Free Software Foundation, Inc.
This is free software; see the source for copying conditions.  There is NO
warranty; not even for MERCHANTABILITY or FITNESS FOR A PARTICULAR PURPOSE.

Detecting C compiler ABI info compiled with the following output:
Change Dir: /media/windows/Users/16771/Desktop/Engineering_A_2023_C_Board (1)/cmake-build-debug-armgnu/CMakeFiles/CMakeScratch/TryCompile-ZnWl9w

Run Build Command(s):/usr/bin/make -f Makefile cmTC_79e90/fast && /usr/bin/make  -f CMakeFiles/cmTC_79e90.dir/build.make CMakeFiles/cmTC_79e90.dir/build
make[1]: Entering directory '/media/windows/Users/16771/Desktop/Engineering_A_2023_C_Board (1)/cmake-build-debug-armgnu/CMakeFiles/CMakeScratch/TryCompile-ZnWl9w'
Building C object CMakeFiles/cmTC_79e90.dir/CMakeCCompilerABI.c.obj
/home/pansy/arm-gnu/arm-gnu/bin/arm-none-eabi-gcc   -fdiagnostics-color=always   -v -o CMakeFiles/cmTC_79e90.dir/CMakeCCompilerABI.c.obj -c /snap/clion/234/bin/cmake/linux/x64/share/cmake-3.25/Modules/CMakeCCompilerABI.c
Using built-in specs.
COLLECT_GCC=/home/pansy/arm-gnu/arm-gnu/bin/arm-none-eabi-gcc
Target: arm-none-eabi
Configured with: /data/jenkins/workspace/GNU-toolchain/arm-12-mpacbti/src/gcc/configure --target=arm-none-eabi --prefix=/data/jenkins/workspace/GNU-toolchain/arm-12-mpacbti/build-arm-none-eabi/install --with-gmp=/data/jenkins/workspace/GNU-toolchain/arm-12-mpacbti/build-arm-none-eabi/host-tools --with-mpfr=/data/jenkins/workspace/GNU-toolchain/arm-12-mpacbti/build-arm-none-eabi/host-tools --with-mpc=/data/jenkins/workspace/GNU-toolchain/arm-12-mpacbti/build-arm-none-eabi/host-tools --with-isl=/data/jenkins/workspace/GNU-toolchain/arm-12-mpacbti/build-arm-none-eabi/host-tools --disable-shared --disable-nls --disable-threads --disable-tls --enable-checking=release --enable-languages=c,c++,fortran --with-newlib --with-gnu-as --with-gnu-ld --with-sysroot=/data/jenkins/workspace/GNU-toolchain/arm-12-mpacbti/build-arm-none-eabi/install/arm-none-eabi --with-multilib-list=aprofile,rmprofile --with-pkgversion='Arm GNU Toolchain 12.2.MPACBTI-Rel1 (Build arm-12-mpacbti.34)' --with-bugurl=https://bugs.linaro.org/
Thread model: single
Supported LTO compression algorithms: zlib
gcc version 12.2.1 20230214 (Arm GNU Toolchain 12.2.MPACBTI-Rel1 (Build arm-12-mpacbti.34)) 
COLLECT_GCC_OPTIONS='-fdiagnostics-color=always' '-v' '-o' 'CMakeFiles/cmTC_79e90.dir/CMakeCCompilerABI.c.obj' '-c' '-mcpu=arm7tdmi' '-mfloat-abi=soft' '-marm' '-mlibarch=armv4t' '-march=armv4t' '-dumpdir' 'CMakeFiles/cmTC_79e90.dir/'
 /home/pansy/arm-gnu/arm-gnu/bin/../libexec/gcc/arm-none-eabi/12.2.1/cc1 -quiet -v -iprefix /home/pansy/arm-gnu/arm-gnu/bin/../lib/gcc/arm-none-eabi/12.2.1/ -isysroot /home/pansy/arm-gnu/arm-gnu/bin/../arm-none-eabi -D__USES_INITFINI__ /snap/clion/234/bin/cmake/linux/x64/share/cmake-3.25/Modules/CMakeCCompilerABI.c -quiet -dumpdir CMakeFiles/cmTC_79e90.dir/ -dumpbase CMakeCCompilerABI.c.c -dumpbase-ext .c -mcpu=arm7tdmi -mfloat-abi=soft -marm -mlibarch=armv4t -march=armv4t -version -fdiagnostics-color=always -o /tmp/ccPY0k8m.s
GNU C17 (Arm GNU Toolchain 12.2.MPACBTI-Rel1 (Build arm-12-mpacbti.34)) version 12.2.1 20230214 (arm-none-eabi)
	compiled by GNU C version 4.8.5 20150623 (Red Hat 4.8.5-44), GMP version 6.2.1, MPFR version 3.1.6, MPC version 1.0.3, isl version isl-0.15-1-g835ea3a-GMP

GGC heuristics: --param ggc-min-expand=100 --param ggc-min-heapsize=131072
ignoring duplicate directory "/home/pansy/arm-gnu/arm-gnu/bin/../lib/gcc/../../lib/gcc/arm-none-eabi/12.2.1/include"
ignoring nonexistent directory "/home/pansy/arm-gnu/arm-gnu/bin/../arm-none-eabi/usr/local/include"
ignoring duplicate directory "/home/pansy/arm-gnu/arm-gnu/bin/../lib/gcc/../../lib/gcc/arm-none-eabi/12.2.1/include-fixed"
ignoring duplicate directory "/home/pansy/arm-gnu/arm-gnu/bin/../lib/gcc/../../lib/gcc/arm-none-eabi/12.2.1/../../../../arm-none-eabi/include"
ignoring nonexistent directory "/home/pansy/arm-gnu/arm-gnu/bin/../arm-none-eabi/usr/include"
#include "..." search starts here:
#include <...> search starts here:
 /home/pansy/arm-gnu/arm-gnu/bin/../lib/gcc/arm-none-eabi/12.2.1/include
 /home/pansy/arm-gnu/arm-gnu/bin/../lib/gcc/arm-none-eabi/12.2.1/include-fixed
 /home/pansy/arm-gnu/arm-gnu/bin/../lib/gcc/arm-none-eabi/12.2.1/../../../../arm-none-eabi/include
End of search list.
GNU C17 (Arm GNU Toolchain 12.2.MPACBTI-Rel1 (Build arm-12-mpacbti.34)) version 12.2.1 20230214 (arm-none-eabi)
	compiled by GNU C version 4.8.5 20150623 (Red Hat 4.8.5-44), GMP version 6.2.1, MPFR version 3.1.6, MPC version 1.0.3, isl version isl-0.15-1-g835ea3a-GMP

GGC heuristics: --param ggc-min-expand=100 --param ggc-min-heapsize=131072
Compiler executable checksum: 62fa4b6d96c949152df7c5d314134db2
COLLECT_GCC_OPTIONS='-fdiagnostics-color=always' '-v' '-o' 'CMakeFiles/cmTC_79e90.dir/CMakeCCompilerABI.c.obj' '-c' '-mcpu=arm7tdmi' '-mfloat-abi=soft' '-marm' '-mlibarch=armv4t' '-march=armv4t' '-dumpdir' 'CMakeFiles/cmTC_79e90.dir/'
 /home/pansy/arm-gnu/arm-gnu/bin/../lib/gcc/arm-none-eabi/12.2.1/../../../../arm-none-eabi/bin/as -v -march=armv4t -mfloat-abi=soft -meabi=5 -o CMakeFiles/cmTC_79e90.dir/CMakeCCompilerABI.c.obj /tmp/ccPY0k8m.s
GNU assembler version 2.40.0 (arm-none-eabi) using BFD version (Arm GNU Toolchain 12.2.MPACBTI-Rel1 (Build arm-12-mpacbti.34)) 2.40.0.20230307
COMPILER_PATH=/home/pansy/arm-gnu/arm-gnu/bin/../libexec/gcc/arm-none-eabi/12.2.1/:/home/pansy/arm-gnu/arm-gnu/bin/../libexec/gcc/:/home/pansy/arm-gnu/arm-gnu/bin/../lib/gcc/arm-none-eabi/12.2.1/../../../../arm-none-eabi/bin/
LIBRARY_PATH=/home/pansy/arm-gnu/arm-gnu/bin/../lib/gcc/arm-none-eabi/12.2.1/:/home/pansy/arm-gnu/arm-gnu/bin/../lib/gcc/:/home/pansy/arm-gnu/arm-gnu/bin/../lib/gcc/arm-none-eabi/12.2.1/../../../../arm-none-eabi/lib/:/home/pansy/arm-gnu/arm-gnu/bin/../arm-none-eabi/lib/
COLLECT_GCC_OPTIONS='-fdiagnostics-color=always' '-v' '-o' 'CMakeFiles/cmTC_79e90.dir/CMakeCCompilerABI.c.obj' '-c' '-mcpu=arm7tdmi' '-mfloat-abi=soft' '-marm' '-mlibarch=armv4t' '-march=armv4t' '-dumpdir' 'CMakeFiles/cmTC_79e90.dir/CMakeCCompilerABI.c.'
Linking C static library libcmTC_79e90.a
/snap/clion/234/bin/cmake/linux/x64/bin/cmake -P CMakeFiles/cmTC_79e90.dir/cmake_clean_target.cmake
/snap/clion/234/bin/cmake/linux/x64/bin/cmake -E cmake_link_script CMakeFiles/cmTC_79e90.dir/link.txt --verbose=1
arm-none-eabi-ar qc libcmTC_79e90.a CMakeFiles/cmTC_79e90.dir/CMakeCCompilerABI.c.obj
/home/pansy/arm-gnu/arm-gnu/bin/arm-none-eabi-ranlib libcmTC_79e90.a
make[1]: Leaving directory '/media/windows/Users/16771/Desktop/Engineering_A_2023_C_Board (1)/cmake-build-debug-armgnu/CMakeFiles/CMakeScratch/TryCompile-ZnWl9w'



Parsed C implicit include dir info from above output: rv=done
  found start of include info
  found start of implicit include info
    add: [/home/pansy/arm-gnu/arm-gnu/bin/../lib/gcc/arm-none-eabi/12.2.1/include]
    add: [/home/pansy/arm-gnu/arm-gnu/bin/../lib/gcc/arm-none-eabi/12.2.1/include-fixed]
    add: [/home/pansy/arm-gnu/arm-gnu/bin/../lib/gcc/arm-none-eabi/12.2.1/../../../../arm-none-eabi/include]
  end of search list found
  collapse include dir [/home/pansy/arm-gnu/arm-gnu/bin/../lib/gcc/arm-none-eabi/12.2.1/include] ==> [/home/pansy/arm-gnu/arm-gnu/lib/gcc/arm-none-eabi/12.2.1/include]
  collapse include dir [/home/pansy/arm-gnu/arm-gnu/bin/../lib/gcc/arm-none-eabi/12.2.1/include-fixed] ==> [/home/pansy/arm-gnu/arm-gnu/lib/gcc/arm-none-eabi/12.2.1/include-fixed]
  collapse include dir [/home/pansy/arm-gnu/arm-gnu/bin/../lib/gcc/arm-none-eabi/12.2.1/../../../../arm-none-eabi/include] ==> [/home/pansy/arm-gnu/arm-gnu/arm-none-eabi/include]
  implicit include dirs: [/home/pansy/arm-gnu/arm-gnu/lib/gcc/arm-none-eabi/12.2.1/include;/home/pansy/arm-gnu/arm-gnu/lib/gcc/arm-none-eabi/12.2.1/include-fixed;/home/pansy/arm-gnu/arm-gnu/arm-none-eabi/include]


Parsed C implicit link information from above output:
  link line regex: [^( *|.*[/\])(arm-none-eabi-ld|CMAKE_LINK_STARTFILE-NOTFOUND|([^/\]+-)?ld|collect2)[^/\]*( |$)]
  ignore line: [Change Dir: /media/windows/Users/16771/Desktop/Engineering_A_2023_C_Board (1)/cmake-build-debug-armgnu/CMakeFiles/CMakeScratch/TryCompile-ZnWl9w]
  ignore line: []
  ignore line: [Run Build Command(s):/usr/bin/make -f Makefile cmTC_79e90/fast && /usr/bin/make  -f CMakeFiles/cmTC_79e90.dir/build.make CMakeFiles/cmTC_79e90.dir/build]
  ignore line: [make[1]: Entering directory '/media/windows/Users/16771/Desktop/Engineering_A_2023_C_Board (1)/cmake-build-debug-armgnu/CMakeFiles/CMakeScratch/TryCompile-ZnWl9w']
  ignore line: [Building C object CMakeFiles/cmTC_79e90.dir/CMakeCCompilerABI.c.obj]
  ignore line: [/home/pansy/arm-gnu/arm-gnu/bin/arm-none-eabi-gcc   -fdiagnostics-color=always   -v -o CMakeFiles/cmTC_79e90.dir/CMakeCCompilerABI.c.obj -c /snap/clion/234/bin/cmake/linux/x64/share/cmake-3.25/Modules/CMakeCCompilerABI.c]
  ignore line: [Using built-in specs.]
  ignore line: [COLLECT_GCC=/home/pansy/arm-gnu/arm-gnu/bin/arm-none-eabi-gcc]
  ignore line: [Target: arm-none-eabi]
  ignore line: [Configured with: /data/jenkins/workspace/GNU-toolchain/arm-12-mpacbti/src/gcc/configure --target=arm-none-eabi --prefix=/data/jenkins/workspace/GNU-toolchain/arm-12-mpacbti/build-arm-none-eabi/install --with-gmp=/data/jenkins/workspace/GNU-toolchain/arm-12-mpacbti/build-arm-none-eabi/host-tools --with-mpfr=/data/jenkins/workspace/GNU-toolchain/arm-12-mpacbti/build-arm-none-eabi/host-tools --with-mpc=/data/jenkins/workspace/GNU-toolchain/arm-12-mpacbti/build-arm-none-eabi/host-tools --with-isl=/data/jenkins/workspace/GNU-toolchain/arm-12-mpacbti/build-arm-none-eabi/host-tools --disable-shared --disable-nls --disable-threads --disable-tls --enable-checking=release --enable-languages=c,c++,fortran --with-newlib --with-gnu-as --with-gnu-ld --with-sysroot=/data/jenkins/workspace/GNU-toolchain/arm-12-mpacbti/build-arm-none-eabi/install/arm-none-eabi --with-multilib-list=aprofile,rmprofile --with-pkgversion='Arm GNU Toolchain 12.2.MPACBTI-Rel1 (Build arm-12-mpacbti.34)' --with-bugurl=https://bugs.linaro.org/]
  ignore line: [Thread model: single]
  ignore line: [Supported LTO compression algorithms: zlib]
  ignore line: [gcc version 12.2.1 20230214 (Arm GNU Toolchain 12.2.MPACBTI-Rel1 (Build arm-12-mpacbti.34)) ]
  ignore line: [COLLECT_GCC_OPTIONS='-fdiagnostics-color=always' '-v' '-o' 'CMakeFiles/cmTC_79e90.dir/CMakeCCompilerABI.c.obj' '-c' '-mcpu=arm7tdmi' '-mfloat-abi=soft' '-marm' '-mlibarch=armv4t' '-march=armv4t' '-dumpdir' 'CMakeFiles/cmTC_79e90.dir/']
  ignore line: [ /home/pansy/arm-gnu/arm-gnu/bin/../libexec/gcc/arm-none-eabi/12.2.1/cc1 -quiet -v -iprefix /home/pansy/arm-gnu/arm-gnu/bin/../lib/gcc/arm-none-eabi/12.2.1/ -isysroot /home/pansy/arm-gnu/arm-gnu/bin/../arm-none-eabi -D__USES_INITFINI__ /snap/clion/234/bin/cmake/linux/x64/share/cmake-3.25/Modules/CMakeCCompilerABI.c -quiet -dumpdir CMakeFiles/cmTC_79e90.dir/ -dumpbase CMakeCCompilerABI.c.c -dumpbase-ext .c -mcpu=arm7tdmi -mfloat-abi=soft -marm -mlibarch=armv4t -march=armv4t -version -fdiagnostics-color=always -o /tmp/ccPY0k8m.s]
  ignore line: [GNU C17 (Arm GNU Toolchain 12.2.MPACBTI-Rel1 (Build arm-12-mpacbti.34)) version 12.2.1 20230214 (arm-none-eabi)]
  ignore line: [	compiled by GNU C version 4.8.5 20150623 (Red Hat 4.8.5-44)  GMP version 6.2.1  MPFR version 3.1.6  MPC version 1.0.3  isl version isl-0.15-1-g835ea3a-GMP]
  ignore line: []
  ignore line: [GGC heuristics: --param ggc-min-expand=100 --param ggc-min-heapsize=131072]
  ignore line: [ignoring duplicate directory "/home/pansy/arm-gnu/arm-gnu/bin/../lib/gcc/../../lib/gcc/arm-none-eabi/12.2.1/include"]
  ignore line: [ignoring nonexistent directory "/home/pansy/arm-gnu/arm-gnu/bin/../arm-none-eabi/usr/local/include"]
  ignore line: [ignoring duplicate directory "/home/pansy/arm-gnu/arm-gnu/bin/../lib/gcc/../../lib/gcc/arm-none-eabi/12.2.1/include-fixed"]
  ignore line: [ignoring duplicate directory "/home/pansy/arm-gnu/arm-gnu/bin/../lib/gcc/../../lib/gcc/arm-none-eabi/12.2.1/../../../../arm-none-eabi/include"]
  ignore line: [ignoring nonexistent directory "/home/pansy/arm-gnu/arm-gnu/bin/../arm-none-eabi/usr/include"]
  ignore line: [#include "..." search starts here:]
  ignore line: [#include <...> search starts here:]
  ignore line: [ /home/pansy/arm-gnu/arm-gnu/bin/../lib/gcc/arm-none-eabi/12.2.1/include]
  ignore line: [ /home/pansy/arm-gnu/arm-gnu/bin/../lib/gcc/arm-none-eabi/12.2.1/include-fixed]
  ignore line: [ /home/pansy/arm-gnu/arm-gnu/bin/../lib/gcc/arm-none-eabi/12.2.1/../../../../arm-none-eabi/include]
  ignore line: [End of search list.]
  ignore line: [GNU C17 (Arm GNU Toolchain 12.2.MPACBTI-Rel1 (Build arm-12-mpacbti.34)) version 12.2.1 20230214 (arm-none-eabi)]
  ignore line: [	compiled by GNU C version 4.8.5 20150623 (Red Hat 4.8.5-44)  GMP version 6.2.1  MPFR version 3.1.6  MPC version 1.0.3  isl version isl-0.15-1-g835ea3a-GMP]
  ignore line: []
  ignore line: [GGC heuristics: --param ggc-min-expand=100 --param ggc-min-heapsize=131072]
  ignore line: [Compiler executable checksum: 62fa4b6d96c949152df7c5d314134db2]
  ignore line: [COLLECT_GCC_OPTIONS='-fdiagnostics-color=always' '-v' '-o' 'CMakeFiles/cmTC_79e90.dir/CMakeCCompilerABI.c.obj' '-c' '-mcpu=arm7tdmi' '-mfloat-abi=soft' '-marm' '-mlibarch=armv4t' '-march=armv4t' '-dumpdir' 'CMakeFiles/cmTC_79e90.dir/']
  ignore line: [ /home/pansy/arm-gnu/arm-gnu/bin/../lib/gcc/arm-none-eabi/12.2.1/../../../../arm-none-eabi/bin/as -v -march=armv4t -mfloat-abi=soft -meabi=5 -o CMakeFiles/cmTC_79e90.dir/CMakeCCompilerABI.c.obj /tmp/ccPY0k8m.s]
  ignore line: [GNU assembler version 2.40.0 (arm-none-eabi) using BFD version (Arm GNU Toolchain 12.2.MPACBTI-Rel1 (Build arm-12-mpacbti.34)) 2.40.0.20230307]
  ignore line: [COMPILER_PATH=/home/pansy/arm-gnu/arm-gnu/bin/../libexec/gcc/arm-none-eabi/12.2.1/:/home/pansy/arm-gnu/arm-gnu/bin/../libexec/gcc/:/home/pansy/arm-gnu/arm-gnu/bin/../lib/gcc/arm-none-eabi/12.2.1/../../../../arm-none-eabi/bin/]
  ignore line: [LIBRARY_PATH=/home/pansy/arm-gnu/arm-gnu/bin/../lib/gcc/arm-none-eabi/12.2.1/:/home/pansy/arm-gnu/arm-gnu/bin/../lib/gcc/:/home/pansy/arm-gnu/arm-gnu/bin/../lib/gcc/arm-none-eabi/12.2.1/../../../../arm-none-eabi/lib/:/home/pansy/arm-gnu/arm-gnu/bin/../arm-none-eabi/lib/]
  ignore line: [COLLECT_GCC_OPTIONS='-fdiagnostics-color=always' '-v' '-o' 'CMakeFiles/cmTC_79e90.dir/CMakeCCompilerABI.c.obj' '-c' '-mcpu=arm7tdmi' '-mfloat-abi=soft' '-marm' '-mlibarch=armv4t' '-march=armv4t' '-dumpdir' 'CMakeFiles/cmTC_79e90.dir/CMakeCCompilerABI.c.']
  ignore line: [Linking C static library libcmTC_79e90.a]
  ignore line: [/snap/clion/234/bin/cmake/linux/x64/bin/cmake -P CMakeFiles/cmTC_79e90.dir/cmake_clean_target.cmake]
  ignore line: [/snap/clion/234/bin/cmake/linux/x64/bin/cmake -E cmake_link_script CMakeFiles/cmTC_79e90.dir/link.txt --verbose=1]
  ignore line: [arm-none-eabi-ar qc libcmTC_79e90.a CMakeFiles/cmTC_79e90.dir/CMakeCCompilerABI.c.obj]
  ignore line: [/home/pansy/arm-gnu/arm-gnu/bin/arm-none-eabi-ranlib libcmTC_79e90.a]
  ignore line: [make[1]: Leaving directory '/media/windows/Users/16771/Desktop/Engineering_A_2023_C_Board (1)/cmake-build-debug-armgnu/CMakeFiles/CMakeScratch/TryCompile-ZnWl9w']
  ignore line: []
  ignore line: []
  implicit libs: []
  implicit objs: []
  implicit dirs: []
  implicit fwks: []


Detecting CXX compiler ABI info compiled with the following output:
Change Dir: /media/windows/Users/16771/Desktop/Engineering_A_2023_C_Board (1)/cmake-build-debug-armgnu/CMakeFiles/CMakeScratch/TryCompile-tv3Uoy

Run Build Command(s):/usr/bin/make -f Makefile cmTC_3587f/fast && /usr/bin/make  -f CMakeFiles/cmTC_3587f.dir/build.make CMakeFiles/cmTC_3587f.dir/build
make[1]: Entering directory '/media/windows/Users/16771/Desktop/Engineering_A_2023_C_Board (1)/cmake-build-debug-armgnu/CMakeFiles/CMakeScratch/TryCompile-tv3Uoy'
Building CXX object CMakeFiles/cmTC_3587f.dir/CMakeCXXCompilerABI.cpp.obj
/home/pansy/arm-gnu/arm-gnu/bin/arm-none-eabi-g++   -fdiagnostics-color=always   -v -o CMakeFiles/cmTC_3587f.dir/CMakeCXXCompilerABI.cpp.obj -c /snap/clion/234/bin/cmake/linux/x64/share/cmake-3.25/Modules/CMakeCXXCompilerABI.cpp
Using built-in specs.
COLLECT_GCC=/home/pansy/arm-gnu/arm-gnu/bin/arm-none-eabi-g++
Target: arm-none-eabi
Configured with: /data/jenkins/workspace/GNU-toolchain/arm-12-mpacbti/src/gcc/configure --target=arm-none-eabi --prefix=/data/jenkins/workspace/GNU-toolchain/arm-12-mpacbti/build-arm-none-eabi/install --with-gmp=/data/jenkins/workspace/GNU-toolchain/arm-12-mpacbti/build-arm-none-eabi/host-tools --with-mpfr=/data/jenkins/workspace/GNU-toolchain/arm-12-mpacbti/build-arm-none-eabi/host-tools --with-mpc=/data/jenkins/workspace/GNU-toolchain/arm-12-mpacbti/build-arm-none-eabi/host-tools --with-isl=/data/jenkins/workspace/GNU-toolchain/arm-12-mpacbti/build-arm-none-eabi/host-tools --disable-shared --disable-nls --disable-threads --disable-tls --enable-checking=release --enable-languages=c,c++,fortran --with-newlib --with-gnu-as --with-gnu-ld --with-sysroot=/data/jenkins/workspace/GNU-toolchain/arm-12-mpacbti/build-arm-none-eabi/install/arm-none-eabi --with-multilib-list=aprofile,rmprofile --with-pkgversion='Arm GNU Toolchain 12.2.MPACBTI-Rel1 (Build arm-12-mpacbti.34)' --with-bugurl=https://bugs.linaro.org/
Thread model: single
Supported LTO compression algorithms: zlib
gcc version 12.2.1 20230214 (Arm GNU Toolchain 12.2.MPACBTI-Rel1 (Build arm-12-mpacbti.34)) 
COLLECT_GCC_OPTIONS='-fdiagnostics-color=always' '-v' '-o' 'CMakeFiles/cmTC_3587f.dir/CMakeCXXCompilerABI.cpp.obj' '-c' '-mcpu=arm7tdmi' '-mfloat-abi=soft' '-marm' '-mlibarch=armv4t' '-march=armv4t' '-dumpdir' 'CMakeFiles/cmTC_3587f.dir/'
 /home/pansy/arm-gnu/arm-gnu/bin/../libexec/gcc/arm-none-eabi/12.2.1/cc1plus -quiet -v -iprefix /home/pansy/arm-gnu/arm-gnu/bin/../lib/gcc/arm-none-eabi/12.2.1/ -isysroot /home/pansy/arm-gnu/arm-gnu/bin/../arm-none-eabi -D__USES_INITFINI__ /snap/clion/234/bin/cmake/linux/x64/share/cmake-3.25/Modules/CMakeCXXCompilerABI.cpp -quiet -dumpdir CMakeFiles/cmTC_3587f.dir/ -dumpbase CMakeCXXCompilerABI.cpp.cpp -dumpbase-ext .cpp -mcpu=arm7tdmi -mfloat-abi=soft -marm -mlibarch=armv4t -march=armv4t -version -fdiagnostics-color=always -o /tmp/ccFoiGYj.s
GNU C++17 (Arm GNU Toolchain 12.2.MPACBTI-Rel1 (Build arm-12-mpacbti.34)) version 12.2.1 20230214 (arm-none-eabi)
	compiled by GNU C version 4.8.5 20150623 (Red Hat 4.8.5-44), GMP version 6.2.1, MPFR version 3.1.6, MPC version 1.0.3, isl version isl-0.15-1-g835ea3a-GMP

GGC heuristics: --param ggc-min-expand=100 --param ggc-min-heapsize=131072
ignoring duplicate directory "/home/pansy/arm-gnu/arm-gnu/bin/../lib/gcc/../../lib/gcc/arm-none-eabi/12.2.1/../../../../arm-none-eabi/include/c++/12.2.1"
ignoring duplicate directory "/home/pansy/arm-gnu/arm-gnu/bin/../lib/gcc/../../lib/gcc/arm-none-eabi/12.2.1/../../../../arm-none-eabi/include/c++/12.2.1/arm-none-eabi"
ignoring duplicate directory "/home/pansy/arm-gnu/arm-gnu/bin/../lib/gcc/../../lib/gcc/arm-none-eabi/12.2.1/../../../../arm-none-eabi/include/c++/12.2.1/backward"
ignoring duplicate directory "/home/pansy/arm-gnu/arm-gnu/bin/../lib/gcc/../../lib/gcc/arm-none-eabi/12.2.1/include"
ignoring nonexistent directory "/home/pansy/arm-gnu/arm-gnu/bin/../arm-none-eabi/usr/local/include"
ignoring duplicate directory "/home/pansy/arm-gnu/arm-gnu/bin/../lib/gcc/../../lib/gcc/arm-none-eabi/12.2.1/include-fixed"
ignoring duplicate directory "/home/pansy/arm-gnu/arm-gnu/bin/../lib/gcc/../../lib/gcc/arm-none-eabi/12.2.1/../../../../arm-none-eabi/include"
ignoring nonexistent directory "/home/pansy/arm-gnu/arm-gnu/bin/../arm-none-eabi/usr/include"
#include "..." search starts here:
#include <...> search starts here:
 /home/pansy/arm-gnu/arm-gnu/bin/../lib/gcc/arm-none-eabi/12.2.1/../../../../arm-none-eabi/include/c++/12.2.1
 /home/pansy/arm-gnu/arm-gnu/bin/../lib/gcc/arm-none-eabi/12.2.1/../../../../arm-none-eabi/include/c++/12.2.1/arm-none-eabi
 /home/pansy/arm-gnu/arm-gnu/bin/../lib/gcc/arm-none-eabi/12.2.1/../../../../arm-none-eabi/include/c++/12.2.1/backward
 /home/pansy/arm-gnu/arm-gnu/bin/../lib/gcc/arm-none-eabi/12.2.1/include
 /home/pansy/arm-gnu/arm-gnu/bin/../lib/gcc/arm-none-eabi/12.2.1/include-fixed
 /home/pansy/arm-gnu/arm-gnu/bin/../lib/gcc/arm-none-eabi/12.2.1/../../../../arm-none-eabi/include
End of search list.
GNU C++17 (Arm GNU Toolchain 12.2.MPACBTI-Rel1 (Build arm-12-mpacbti.34)) version 12.2.1 20230214 (arm-none-eabi)
	compiled by GNU C version 4.8.5 20150623 (Red Hat 4.8.5-44), GMP version 6.2.1, MPFR version 3.1.6, MPC version 1.0.3, isl version isl-0.15-1-g835ea3a-GMP

GGC heuristics: --param ggc-min-expand=100 --param ggc-min-heapsize=131072
Compiler executable checksum: 5e85f5423081647975190a0162391d5c
COLLECT_GCC_OPTIONS='-fdiagnostics-color=always' '-v' '-o' 'CMakeFiles/cmTC_3587f.dir/CMakeCXXCompilerABI.cpp.obj' '-c' '-mcpu=arm7tdmi' '-mfloat-abi=soft' '-marm' '-mlibarch=armv4t' '-march=armv4t' '-dumpdir' 'CMakeFiles/cmTC_3587f.dir/'
 /home/pansy/arm-gnu/arm-gnu/bin/../lib/gcc/arm-none-eabi/12.2.1/../../../../arm-none-eabi/bin/as -v -march=armv4t -mfloat-abi=soft -meabi=5 -o CMakeFiles/cmTC_3587f.dir/CMakeCXXCompilerABI.cpp.obj /tmp/ccFoiGYj.s
GNU assembler version 2.40.0 (arm-none-eabi) using BFD version (Arm GNU Toolchain 12.2.MPACBTI-Rel1 (Build arm-12-mpacbti.34)) 2.40.0.20230307
COMPILER_PATH=/home/pansy/arm-gnu/arm-gnu/bin/../libexec/gcc/arm-none-eabi/12.2.1/:/home/pansy/arm-gnu/arm-gnu/bin/../libexec/gcc/:/home/pansy/arm-gnu/arm-gnu/bin/../lib/gcc/arm-none-eabi/12.2.1/../../../../arm-none-eabi/bin/
LIBRARY_PATH=/home/pansy/arm-gnu/arm-gnu/bin/../lib/gcc/arm-none-eabi/12.2.1/:/home/pansy/arm-gnu/arm-gnu/bin/../lib/gcc/:/home/pansy/arm-gnu/arm-gnu/bin/../lib/gcc/arm-none-eabi/12.2.1/../../../../arm-none-eabi/lib/:/home/pansy/arm-gnu/arm-gnu/bin/../arm-none-eabi/lib/
COLLECT_GCC_OPTIONS='-fdiagnostics-color=always' '-v' '-o' 'CMakeFiles/cmTC_3587f.dir/CMakeCXXCompilerABI.cpp.obj' '-c' '-mcpu=arm7tdmi' '-mfloat-abi=soft' '-marm' '-mlibarch=armv4t' '-march=armv4t' '-dumpdir' 'CMakeFiles/cmTC_3587f.dir/CMakeCXXCompilerABI.cpp.'
Linking CXX static library libcmTC_3587f.a
/snap/clion/234/bin/cmake/linux/x64/bin/cmake -P CMakeFiles/cmTC_3587f.dir/cmake_clean_target.cmake
/snap/clion/234/bin/cmake/linux/x64/bin/cmake -E cmake_link_script CMakeFiles/cmTC_3587f.dir/link.txt --verbose=1
arm-none-eabi-ar qc libcmTC_3587f.a CMakeFiles/cmTC_3587f.dir/CMakeCXXCompilerABI.cpp.obj
/home/pansy/arm-gnu/arm-gnu/bin/arm-none-eabi-ranlib libcmTC_3587f.a
make[1]: Leaving directory '/media/windows/Users/16771/Desktop/Engineering_A_2023_C_Board (1)/cmake-build-debug-armgnu/CMakeFiles/CMakeScratch/TryCompile-tv3Uoy'



Parsed CXX implicit include dir info from above output: rv=done
  found start of include info
  found start of implicit include info
    add: [/home/pansy/arm-gnu/arm-gnu/bin/../lib/gcc/arm-none-eabi/12.2.1/../../../../arm-none-eabi/include/c++/12.2.1]
    add: [/home/pansy/arm-gnu/arm-gnu/bin/../lib/gcc/arm-none-eabi/12.2.1/../../../../arm-none-eabi/include/c++/12.2.1/arm-none-eabi]
    add: [/home/pansy/arm-gnu/arm-gnu/bin/../lib/gcc/arm-none-eabi/12.2.1/../../../../arm-none-eabi/include/c++/12.2.1/backward]
    add: [/home/pansy/arm-gnu/arm-gnu/bin/../lib/gcc/arm-none-eabi/12.2.1/include]
    add: [/home/pansy/arm-gnu/arm-gnu/bin/../lib/gcc/arm-none-eabi/12.2.1/include-fixed]
    add: [/home/pansy/arm-gnu/arm-gnu/bin/../lib/gcc/arm-none-eabi/12.2.1/../../../../arm-none-eabi/include]
  end of search list found
  collapse include dir [/home/pansy/arm-gnu/arm-gnu/bin/../lib/gcc/arm-none-eabi/12.2.1/../../../../arm-none-eabi/include/c++/12.2.1] ==> [/home/pansy/arm-gnu/arm-gnu/arm-none-eabi/include/c++/12.2.1]
  collapse include dir [/home/pansy/arm-gnu/arm-gnu/bin/../lib/gcc/arm-none-eabi/12.2.1/../../../../arm-none-eabi/include/c++/12.2.1/arm-none-eabi] ==> [/home/pansy/arm-gnu/arm-gnu/arm-none-eabi/include/c++/12.2.1/arm-none-eabi]
  collapse include dir [/home/pansy/arm-gnu/arm-gnu/bin/../lib/gcc/arm-none-eabi/12.2.1/../../../../arm-none-eabi/include/c++/12.2.1/backward] ==> [/home/pansy/arm-gnu/arm-gnu/arm-none-eabi/include/c++/12.2.1/backward]
  collapse include dir [/home/pansy/arm-gnu/arm-gnu/bin/../lib/gcc/arm-none-eabi/12.2.1/include] ==> [/home/pansy/arm-gnu/arm-gnu/lib/gcc/arm-none-eabi/12.2.1/include]
  collapse include dir [/home/pansy/arm-gnu/arm-gnu/bin/../lib/gcc/arm-none-eabi/12.2.1/include-fixed] ==> [/home/pansy/arm-gnu/arm-gnu/lib/gcc/arm-none-eabi/12.2.1/include-fixed]
  collapse include dir [/home/pansy/arm-gnu/arm-gnu/bin/../lib/gcc/arm-none-eabi/12.2.1/../../../../arm-none-eabi/include] ==> [/home/pansy/arm-gnu/arm-gnu/arm-none-eabi/include]
  implicit include dirs: [/home/pansy/arm-gnu/arm-gnu/arm-none-eabi/include/c++/12.2.1;/home/pansy/arm-gnu/arm-gnu/arm-none-eabi/include/c++/12.2.1/arm-none-eabi;/home/pansy/arm-gnu/arm-gnu/arm-none-eabi/include/c++/12.2.1/backward;/home/pansy/arm-gnu/arm-gnu/lib/gcc/arm-none-eabi/12.2.1/include;/home/pansy/arm-gnu/arm-gnu/lib/gcc/arm-none-eabi/12.2.1/include-fixed;/home/pansy/arm-gnu/arm-gnu/arm-none-eabi/include]


Parsed CXX implicit link information from above output:
  link line regex: [^( *|.*[/\])(arm-none-eabi-ld|CMAKE_LINK_STARTFILE-NOTFOUND|([^/\]+-)?ld|collect2)[^/\]*( |$)]
  ignore line: [Change Dir: /media/windows/Users/16771/Desktop/Engineering_A_2023_C_Board (1)/cmake-build-debug-armgnu/CMakeFiles/CMakeScratch/TryCompile-tv3Uoy]
  ignore line: []
  ignore line: [Run Build Command(s):/usr/bin/make -f Makefile cmTC_3587f/fast && /usr/bin/make  -f CMakeFiles/cmTC_3587f.dir/build.make CMakeFiles/cmTC_3587f.dir/build]
  ignore line: [make[1]: Entering directory '/media/windows/Users/16771/Desktop/Engineering_A_2023_C_Board (1)/cmake-build-debug-armgnu/CMakeFiles/CMakeScratch/TryCompile-tv3Uoy']
  ignore line: [Building CXX object CMakeFiles/cmTC_3587f.dir/CMakeCXXCompilerABI.cpp.obj]
  ignore line: [/home/pansy/arm-gnu/arm-gnu/bin/arm-none-eabi-g++   -fdiagnostics-color=always   -v -o CMakeFiles/cmTC_3587f.dir/CMakeCXXCompilerABI.cpp.obj -c /snap/clion/234/bin/cmake/linux/x64/share/cmake-3.25/Modules/CMakeCXXCompilerABI.cpp]
  ignore line: [Using built-in specs.]
  ignore line: [COLLECT_GCC=/home/pansy/arm-gnu/arm-gnu/bin/arm-none-eabi-g++]
  ignore line: [Target: arm-none-eabi]
  ignore line: [Configured with: /data/jenkins/workspace/GNU-toolchain/arm-12-mpacbti/src/gcc/configure --target=arm-none-eabi --prefix=/data/jenkins/workspace/GNU-toolchain/arm-12-mpacbti/build-arm-none-eabi/install --with-gmp=/data/jenkins/workspace/GNU-toolchain/arm-12-mpacbti/build-arm-none-eabi/host-tools --with-mpfr=/data/jenkins/workspace/GNU-toolchain/arm-12-mpacbti/build-arm-none-eabi/host-tools --with-mpc=/data/jenkins/workspace/GNU-toolchain/arm-12-mpacbti/build-arm-none-eabi/host-tools --with-isl=/data/jenkins/workspace/GNU-toolchain/arm-12-mpacbti/build-arm-none-eabi/host-tools --disable-shared --disable-nls --disable-threads --disable-tls --enable-checking=release --enable-languages=c,c++,fortran --with-newlib --with-gnu-as --with-gnu-ld --with-sysroot=/data/jenkins/workspace/GNU-toolchain/arm-12-mpacbti/build-arm-none-eabi/install/arm-none-eabi --with-multilib-list=aprofile,rmprofile --with-pkgversion='Arm GNU Toolchain 12.2.MPACBTI-Rel1 (Build arm-12-mpacbti.34)' --with-bugurl=https://bugs.linaro.org/]
  ignore line: [Thread model: single]
  ignore line: [Supported LTO compression algorithms: zlib]
  ignore line: [gcc version 12.2.1 20230214 (Arm GNU Toolchain 12.2.MPACBTI-Rel1 (Build arm-12-mpacbti.34)) ]
  ignore line: [COLLECT_GCC_OPTIONS='-fdiagnostics-color=always' '-v' '-o' 'CMakeFiles/cmTC_3587f.dir/CMakeCXXCompilerABI.cpp.obj' '-c' '-mcpu=arm7tdmi' '-mfloat-abi=soft' '-marm' '-mlibarch=armv4t' '-march=armv4t' '-dumpdir' 'CMakeFiles/cmTC_3587f.dir/']
  ignore line: [ /home/pansy/arm-gnu/arm-gnu/bin/../libexec/gcc/arm-none-eabi/12.2.1/cc1plus -quiet -v -iprefix /home/pansy/arm-gnu/arm-gnu/bin/../lib/gcc/arm-none-eabi/12.2.1/ -isysroot /home/pansy/arm-gnu/arm-gnu/bin/../arm-none-eabi -D__USES_INITFINI__ /snap/clion/234/bin/cmake/linux/x64/share/cmake-3.25/Modules/CMakeCXXCompilerABI.cpp -quiet -dumpdir CMakeFiles/cmTC_3587f.dir/ -dumpbase CMakeCXXCompilerABI.cpp.cpp -dumpbase-ext .cpp -mcpu=arm7tdmi -mfloat-abi=soft -marm -mlibarch=armv4t -march=armv4t -version -fdiagnostics-color=always -o /tmp/ccFoiGYj.s]
  ignore line: [GNU C++17 (Arm GNU Toolchain 12.2.MPACBTI-Rel1 (Build arm-12-mpacbti.34)) version 12.2.1 20230214 (arm-none-eabi)]
  ignore line: [	compiled by GNU C version 4.8.5 20150623 (Red Hat 4.8.5-44)  GMP version 6.2.1  MPFR version 3.1.6  MPC version 1.0.3  isl version isl-0.15-1-g835ea3a-GMP]
  ignore line: []
  ignore line: [GGC heuristics: --param ggc-min-expand=100 --param ggc-min-heapsize=131072]
  ignore line: [ignoring duplicate directory "/home/pansy/arm-gnu/arm-gnu/bin/../lib/gcc/../../lib/gcc/arm-none-eabi/12.2.1/../../../../arm-none-eabi/include/c++/12.2.1"]
  ignore line: [ignoring duplicate directory "/home/pansy/arm-gnu/arm-gnu/bin/../lib/gcc/../../lib/gcc/arm-none-eabi/12.2.1/../../../../arm-none-eabi/include/c++/12.2.1/arm-none-eabi"]
  ignore line: [ignoring duplicate directory "/home/pansy/arm-gnu/arm-gnu/bin/../lib/gcc/../../lib/gcc/arm-none-eabi/12.2.1/../../../../arm-none-eabi/include/c++/12.2.1/backward"]
  ignore line: [ignoring duplicate directory "/home/pansy/arm-gnu/arm-gnu/bin/../lib/gcc/../../lib/gcc/arm-none-eabi/12.2.1/include"]
  ignore line: [ignoring nonexistent directory "/home/pansy/arm-gnu/arm-gnu/bin/../arm-none-eabi/usr/local/include"]
  ignore line: [ignoring duplicate directory "/home/pansy/arm-gnu/arm-gnu/bin/../lib/gcc/../../lib/gcc/arm-none-eabi/12.2.1/include-fixed"]
  ignore line: [ignoring duplicate directory "/home/pansy/arm-gnu/arm-gnu/bin/../lib/gcc/../../lib/gcc/arm-none-eabi/12.2.1/../../../../arm-none-eabi/include"]
  ignore line: [ignoring nonexistent directory "/home/pansy/arm-gnu/arm-gnu/bin/../arm-none-eabi/usr/include"]
  ignore line: [#include "..." search starts here:]
  ignore line: [#include <...> search starts here:]
  ignore line: [ /home/pansy/arm-gnu/arm-gnu/bin/../lib/gcc/arm-none-eabi/12.2.1/../../../../arm-none-eabi/include/c++/12.2.1]
  ignore line: [ /home/pansy/arm-gnu/arm-gnu/bin/../lib/gcc/arm-none-eabi/12.2.1/../../../../arm-none-eabi/include/c++/12.2.1/arm-none-eabi]
  ignore line: [ /home/pansy/arm-gnu/arm-gnu/bin/../lib/gcc/arm-none-eabi/12.2.1/../../../../arm-none-eabi/include/c++/12.2.1/backward]
  ignore line: [ /home/pansy/arm-gnu/arm-gnu/bin/../lib/gcc/arm-none-eabi/12.2.1/include]
  ignore line: [ /home/pansy/arm-gnu/arm-gnu/bin/../lib/gcc/arm-none-eabi/12.2.1/include-fixed]
  ignore line: [ /home/pansy/arm-gnu/arm-gnu/bin/../lib/gcc/arm-none-eabi/12.2.1/../../../../arm-none-eabi/include]
  ignore line: [End of search list.]
  ignore line: [GNU C++17 (Arm GNU Toolchain 12.2.MPACBTI-Rel1 (Build arm-12-mpacbti.34)) version 12.2.1 20230214 (arm-none-eabi)]
  ignore line: [	compiled by GNU C version 4.8.5 20150623 (Red Hat 4.8.5-44)  GMP version 6.2.1  MPFR version 3.1.6  MPC version 1.0.3  isl version isl-0.15-1-g835ea3a-GMP]
  ignore line: []
  ignore line: [GGC heuristics: --param ggc-min-expand=100 --param ggc-min-heapsize=131072]
  ignore line: [Compiler executable checksum: 5e85f5423081647975190a0162391d5c]
  ignore line: [COLLECT_GCC_OPTIONS='-fdiagnostics-color=always' '-v' '-o' 'CMakeFiles/cmTC_3587f.dir/CMakeCXXCompilerABI.cpp.obj' '-c' '-mcpu=arm7tdmi' '-mfloat-abi=soft' '-marm' '-mlibarch=armv4t' '-march=armv4t' '-dumpdir' 'CMakeFiles/cmTC_3587f.dir/']
  ignore line: [ /home/pansy/arm-gnu/arm-gnu/bin/../lib/gcc/arm-none-eabi/12.2.1/../../../../arm-none-eabi/bin/as -v -march=armv4t -mfloat-abi=soft -meabi=5 -o CMakeFiles/cmTC_3587f.dir/CMakeCXXCompilerABI.cpp.obj /tmp/ccFoiGYj.s]
  ignore line: [GNU assembler version 2.40.0 (arm-none-eabi) using BFD version (Arm GNU Toolchain 12.2.MPACBTI-Rel1 (Build arm-12-mpacbti.34)) 2.40.0.20230307]
  ignore line: [COMPILER_PATH=/home/pansy/arm-gnu/arm-gnu/bin/../libexec/gcc/arm-none-eabi/12.2.1/:/home/pansy/arm-gnu/arm-gnu/bin/../libexec/gcc/:/home/pansy/arm-gnu/arm-gnu/bin/../lib/gcc/arm-none-eabi/12.2.1/../../../../arm-none-eabi/bin/]
  ignore line: [LIBRARY_PATH=/home/pansy/arm-gnu/arm-gnu/bin/../lib/gcc/arm-none-eabi/12.2.1/:/home/pansy/arm-gnu/arm-gnu/bin/../lib/gcc/:/home/pansy/arm-gnu/arm-gnu/bin/../lib/gcc/arm-none-eabi/12.2.1/../../../../arm-none-eabi/lib/:/home/pansy/arm-gnu/arm-gnu/bin/../arm-none-eabi/lib/]
  ignore line: [COLLECT_GCC_OPTIONS='-fdiagnostics-color=always' '-v' '-o' 'CMakeFiles/cmTC_3587f.dir/CMakeCXXCompilerABI.cpp.obj' '-c' '-mcpu=arm7tdmi' '-mfloat-abi=soft' '-marm' '-mlibarch=armv4t' '-march=armv4t' '-dumpdir' 'CMakeFiles/cmTC_3587f.dir/CMakeCXXCompilerABI.cpp.']
  ignore line: [Linking CXX static library libcmTC_3587f.a]
  ignore line: [/snap/clion/234/bin/cmake/linux/x64/bin/cmake -P CMakeFiles/cmTC_3587f.dir/cmake_clean_target.cmake]
  ignore line: [/snap/clion/234/bin/cmake/linux/x64/bin/cmake -E cmake_link_script CMakeFiles/cmTC_3587f.dir/link.txt --verbose=1]
  ignore line: [arm-none-eabi-ar qc libcmTC_3587f.a CMakeFiles/cmTC_3587f.dir/CMakeCXXCompilerABI.cpp.obj]
  ignore line: [/home/pansy/arm-gnu/arm-gnu/bin/arm-none-eabi-ranlib libcmTC_3587f.a]
  ignore line: [make[1]: Leaving directory '/media/windows/Users/16771/Desktop/Engineering_A_2023_C_Board (1)/cmake-build-debug-armgnu/CMakeFiles/CMakeScratch/TryCompile-tv3Uoy']
  ignore line: []
  ignore line: []
  implicit libs: []
  implicit objs: []
  implicit dirs: []
  implicit fwks: []


